2025-06-06 01:18:05,876 - INFO - 
Analyzing input VCF file: soya_gbs_snps.vcf.gz
2025-06-06 01:18:05,879 - INFO - Counting variants and missing genotypes...
2025-06-06 01:18:13,974 - INFO - 
VCF Statistics:
2025-06-06 01:18:13,974 - INFO - Number of samples: 78
2025-06-06 01:18:13,974 - INFO - Number of variants: 267899
2025-06-06 01:18:13,974 - INFO - Total genotypes: 20896122
2025-06-06 01:18:13,974 - INFO - Missing genotypes: 13781780 (65.95%)
2025-06-06 01:18:13,974 - INFO - 
Genotype Distribution:
2025-06-06 01:18:13,974 - INFO - 0/0: 3,380,387
2025-06-06 01:18:13,974 - INFO - 0/1: 989,559
2025-06-06 01:18:13,974 - INFO - 1/1: 2,741,479
2025-06-06 01:18:21,790 - INFO - 
Creating windows from soya_gbs_snps.vcf.gz...
2025-06-06 01:18:41,561 - INFO - Starting training...
2025-06-06 01:43:17,310 - INFO - 
Epoch 1/5 Summary:
2025-06-06 01:43:17,310 - INFO - Training Metrics:
2025-06-06 01:43:17,315 - INFO -   accuracy: 0.3377
2025-06-06 01:43:17,315 - INFO -   macro_f1: 0.7553
2025-06-06 01:43:17,315 - INFO -   weighted_f1: 0.7107
2025-06-06 01:43:17,315 - INFO -   macro_precision: 0.7165
2025-06-06 01:43:17,315 - INFO -   weighted_precision: 0.6458
2025-06-06 01:43:17,315 - INFO -   macro_recall: 0.9715
2025-06-06 01:43:17,315 - INFO -   weighted_recall: 0.9961
2025-06-06 01:43:17,315 - INFO -   loss: 0.0224
2025-06-06 01:43:17,315 - INFO - Validation Metrics:
2025-06-06 01:43:17,315 - INFO -   accuracy: 0.9978
2025-06-06 01:43:17,315 - INFO -   macro_f1: 0.9733
2025-06-06 01:43:17,315 - INFO -   weighted_f1: 0.9978
2025-06-06 01:43:17,315 - INFO -   macro_precision: 0.9733
2025-06-06 01:43:17,315 - INFO -   weighted_precision: 0.9979
2025-06-06 01:43:17,315 - INFO -   macro_recall: 0.9738
2025-06-06 01:43:17,316 - INFO -   weighted_recall: 0.9978
2025-06-06 01:43:17,316 - INFO -   loss: 0.0074
2025-06-06 01:43:17,316 - INFO - Best Metrics So Far:
2025-06-06 01:43:17,316 - INFO -   macro_f1: 0.9733
2025-06-06 01:43:17,316 - INFO -   weighted_f1: 0.9978
2025-06-06 01:43:17,316 - INFO -   loss: 0.0074
2025-06-06 01:43:17,316 - INFO - Timing:
2025-06-06 01:43:17,316 - INFO -   Training time: 636.73 seconds
2025-06-06 01:43:17,316 - INFO -   Validation time: 839.02 seconds
2025-06-06 01:43:17,316 - INFO -   Total epoch time: 1475.75 seconds
2025-06-06 02:08:35,093 - INFO - 
Epoch 2/5 Summary:
2025-06-06 02:08:35,093 - INFO - Training Metrics:
2025-06-06 02:08:35,093 - INFO -   accuracy: 0.3383
2025-06-06 02:08:35,093 - INFO -   macro_f1: 0.7591
2025-06-06 02:08:35,093 - INFO -   weighted_f1: 0.7151
2025-06-06 02:08:35,093 - INFO -   macro_precision: 0.7209
2025-06-06 02:08:35,093 - INFO -   weighted_precision: 0.6513
2025-06-06 02:08:35,093 - INFO -   macro_recall: 0.9735
2025-06-06 02:08:35,093 - INFO -   weighted_recall: 0.9977
2025-06-06 02:08:35,093 - INFO -   loss: 0.0165
2025-06-06 02:08:35,093 - INFO - Validation Metrics:
2025-06-06 02:08:35,093 - INFO -   accuracy: 0.9980
2025-06-06 02:08:35,093 - INFO -   macro_f1: 0.9735
2025-06-06 02:08:35,093 - INFO -   weighted_f1: 0.9979
2025-06-06 02:08:35,093 - INFO -   macro_precision: 0.9733
2025-06-06 02:08:35,093 - INFO -   weighted_precision: 0.9980
2025-06-06 02:08:35,093 - INFO -   macro_recall: 0.9739
2025-06-06 02:08:35,093 - INFO -   weighted_recall: 0.9980
2025-06-06 02:08:35,093 - INFO -   loss: 0.0194
2025-06-06 02:08:35,093 - INFO - Best Metrics So Far:
2025-06-06 02:08:35,094 - INFO -   macro_f1: 0.9735
2025-06-06 02:08:35,094 - INFO -   weighted_f1: 0.9979
2025-06-06 02:08:35,094 - INFO -   loss: 0.0074
2025-06-06 02:08:35,094 - INFO - Timing:
2025-06-06 02:08:35,094 - INFO -   Training time: 683.37 seconds
2025-06-06 02:08:35,094 - INFO -   Validation time: 834.41 seconds
2025-06-06 02:08:35,094 - INFO -   Total epoch time: 1517.78 seconds
2025-06-06 02:34:03,247 - INFO - 
Epoch 3/5 Summary:
2025-06-06 02:34:03,248 - INFO - Training Metrics:
2025-06-06 02:34:03,248 - INFO -   accuracy: 0.3382
2025-06-06 02:34:03,248 - INFO -   macro_f1: 0.7592
2025-06-06 02:34:03,248 - INFO -   weighted_f1: 0.7148
2025-06-06 02:34:03,248 - INFO -   macro_precision: 0.7213
2025-06-06 02:34:03,248 - INFO -   weighted_precision: 0.6515
2025-06-06 02:34:03,248 - INFO -   macro_recall: 0.9734
2025-06-06 02:34:03,248 - INFO -   weighted_recall: 0.9974
2025-06-06 02:34:03,248 - INFO -   loss: 0.0185
2025-06-06 02:34:03,248 - INFO - Validation Metrics:
2025-06-06 02:34:03,248 - INFO -   accuracy: 0.9972
2025-06-06 02:34:03,248 - INFO -   macro_f1: 0.9730
2025-06-06 02:34:03,248 - INFO -   weighted_f1: 0.9974
2025-06-06 02:34:03,248 - INFO -   macro_precision: 0.9733
2025-06-06 02:34:03,248 - INFO -   weighted_precision: 0.9983
2025-06-06 02:34:03,248 - INFO -   macro_recall: 0.9731
2025-06-06 02:34:03,248 - INFO -   weighted_recall: 0.9972
2025-06-06 02:34:03,248 - INFO -   loss: 0.0183
2025-06-06 02:34:03,248 - INFO - Best Metrics So Far:
2025-06-06 02:34:03,249 - INFO -   macro_f1: 0.9735
2025-06-06 02:34:03,249 - INFO -   weighted_f1: 0.9979
2025-06-06 02:34:03,249 - INFO -   loss: 0.0074
2025-06-06 02:34:03,249 - INFO - Timing:
2025-06-06 02:34:03,249 - INFO -   Training time: 697.06 seconds
2025-06-06 02:34:03,249 - INFO -   Validation time: 831.09 seconds
2025-06-06 02:34:03,249 - INFO -   Total epoch time: 1528.15 seconds
2025-06-06 02:59:24,938 - INFO - 
Epoch 4/5 Summary:
2025-06-06 02:59:24,938 - INFO - Training Metrics:
2025-06-06 02:59:24,938 - INFO -   accuracy: 0.3383
2025-06-06 02:59:24,938 - INFO -   macro_f1: 0.7591
2025-06-06 02:59:24,938 - INFO -   weighted_f1: 0.7151
2025-06-06 02:59:24,938 - INFO -   macro_precision: 0.7210
2025-06-06 02:59:24,938 - INFO -   weighted_precision: 0.6510
2025-06-06 02:59:24,938 - INFO -   macro_recall: 0.9735
2025-06-06 02:59:24,938 - INFO -   weighted_recall: 0.9982
2025-06-06 02:59:24,938 - INFO -   loss: 0.0123
2025-06-06 02:59:24,939 - INFO - Validation Metrics:
2025-06-06 02:59:24,939 - INFO -   accuracy: 0.9981
2025-06-06 02:59:24,939 - INFO -   macro_f1: 0.9736
2025-06-06 02:59:24,939 - INFO -   weighted_f1: 0.9980
2025-06-06 02:59:24,939 - INFO -   macro_precision: 0.9735
2025-06-06 02:59:24,939 - INFO -   weighted_precision: 0.9980
2025-06-06 02:59:24,939 - INFO -   macro_recall: 0.9740
2025-06-06 02:59:24,939 - INFO -   weighted_recall: 0.9981
2025-06-06 02:59:24,939 - INFO -   loss: 0.0152
2025-06-06 02:59:24,939 - INFO - Best Metrics So Far:
2025-06-06 02:59:24,939 - INFO -   macro_f1: 0.9736
2025-06-06 02:59:24,939 - INFO -   weighted_f1: 0.9980
2025-06-06 02:59:24,939 - INFO -   loss: 0.0074
2025-06-06 02:59:24,939 - INFO - Timing:
2025-06-06 02:59:24,939 - INFO -   Training time: 683.25 seconds
2025-06-06 02:59:24,939 - INFO -   Validation time: 838.44 seconds
2025-06-06 02:59:24,939 - INFO -   Total epoch time: 1521.69 seconds
2025-06-06 03:25:05,231 - INFO - 
Epoch 5/5 Summary:
2025-06-06 03:25:05,231 - INFO - Training Metrics:
2025-06-06 03:25:05,231 - INFO -   accuracy: 0.3384
2025-06-06 03:25:05,231 - INFO -   macro_f1: 0.7592
2025-06-06 03:25:05,231 - INFO -   weighted_f1: 0.7150
2025-06-06 03:25:05,231 - INFO -   macro_precision: 0.7211
2025-06-06 03:25:05,232 - INFO -   weighted_precision: 0.6510
2025-06-06 03:25:05,232 - INFO -   macro_recall: 0.9738
2025-06-06 03:25:05,232 - INFO -   weighted_recall: 0.9986
2025-06-06 03:25:05,232 - INFO -   loss: 0.0107
2025-06-06 03:25:05,232 - INFO - Validation Metrics:
2025-06-06 03:25:05,232 - INFO -   accuracy: 0.9991
2025-06-06 03:25:05,232 - INFO -   macro_f1: 0.9739
2025-06-06 03:25:05,232 - INFO -   weighted_f1: 0.9991
2025-06-06 03:25:05,232 - INFO -   macro_precision: 0.9738
2025-06-06 03:25:05,232 - INFO -   weighted_precision: 0.9991
2025-06-06 03:25:05,232 - INFO -   macro_recall: 0.9742
2025-06-06 03:25:05,232 - INFO -   weighted_recall: 0.9991
2025-06-06 03:25:05,232 - INFO -   loss: 0.0053
2025-06-06 03:25:05,232 - INFO - Best Metrics So Far:
2025-06-06 03:25:05,232 - INFO -   macro_f1: 0.9739
2025-06-06 03:25:05,232 - INFO -   weighted_f1: 0.9991
2025-06-06 03:25:05,232 - INFO -   loss: 0.0053
2025-06-06 03:25:05,232 - INFO - Timing:
2025-06-06 03:25:05,232 - INFO -   Training time: 702.81 seconds
2025-06-06 03:25:05,232 - INFO -   Validation time: 837.48 seconds
2025-06-06 03:25:05,232 - INFO -   Total epoch time: 1540.29 seconds
2025-06-06 03:25:05,232 - INFO - 
Evaluating on test set...
2025-06-06 03:26:55,503 - INFO - 
Test Phase Summary (Per-Window Average):
2025-06-06 03:26:55,503 - INFO - Test time: 110.27 seconds
2025-06-06 03:26:55,503 - INFO -   accuracy: 0.9996
2025-06-06 03:26:55,503 - INFO -   macro_f1: 0.9994
2025-06-06 03:26:55,503 - INFO -   weighted_f1: 0.9996
2025-06-06 03:26:55,504 - INFO -   macro_precision: 0.9992
2025-06-06 03:26:55,504 - INFO -   weighted_precision: 0.9996
2025-06-06 03:26:55,504 - INFO -   macro_recall: 0.9997
2025-06-06 03:26:55,504 - INFO -   weighted_recall: 0.9996
2025-06-06 03:26:55,504 - INFO -   confusion_matrix:
2025-06-06 03:26:55,504 - INFO -     [[678967    384    195]
 [     0 200654      0]
 [    63      0 558300]]
2025-06-06 03:26:55,504 - INFO - 
Global Test Metrics (All Windows Combined):
2025-06-06 03:26:55,504 - INFO - Total test samples: 1,438,563
2025-06-06 03:26:55,504 - INFO -   accuracy: 0.9996
2025-06-06 03:26:55,504 - INFO -   macro_f1: 0.9994
2025-06-06 03:26:55,504 - INFO -   weighted_f1: 0.9996
2025-06-06 03:26:55,504 - INFO -   macro_precision: 0.9992
2025-06-06 03:26:55,504 - INFO -   weighted_precision: 0.9996
2025-06-06 03:26:55,504 - INFO -   macro_recall: 0.9997
2025-06-06 03:26:55,505 - INFO -   weighted_recall: 0.9996
2025-06-06 03:26:55,505 - INFO -   confusion_matrix:
2025-06-06 03:26:55,505 - INFO -     [[678967    384    195]
 [     0 200654      0]
 [    63      0 558300]]
2025-06-06 03:26:55,505 - INFO - 
Classification Report (Global):
2025-06-06 03:26:55,801 - INFO - 
              precision    recall  f1-score   support

         0/0     0.9999    0.9991    0.9995    679546
         0/1     0.9981    1.0000    0.9990    200654
         1/1     0.9997    0.9999    0.9998    558363

    accuracy                         0.9996   1438563
   macro avg     0.9992    0.9997    0.9994   1438563
weighted avg     0.9996    0.9996    0.9996   1438563

2025-06-06 03:26:59,748 - INFO - 
Writing imputed genotypes to output/imputed.vcf.gz
2025-06-06 03:26:59,753 - INFO - Processing and writing variants in windows...
2025-06-06 03:38:14,460 - INFO - VCF writing completed in 674.71 seconds
2025-06-06 03:38:14,460 - INFO - 
Pipeline Timing Summary:
2025-06-06 03:38:14,460 - INFO - Total pipeline time: 8408.58 seconds (140.14 minutes)
2025-06-06 03:38:14,460 - INFO - Average training time per epoch: 680.64 seconds
2025-06-06 03:38:14,460 - INFO - Average validation time per epoch: 836.09 seconds
2025-06-06 03:38:14,461 - INFO - Average test time: 110.27 seconds
2025-06-06 03:38:14,461 - INFO - Imputation time: 674.71 seconds
